<?xml version="1.0" encoding="UTF-8"?>
<!-- Generated by org.testng.reporters.JUnitReportReporter -->
<testsuite skipped="0" hostname="DESKTOP-N6TDHHK" name="com.inetbanking.testCases.TC_AddCustomerTest_003" tests="1" failures="0" timestamp="14 May 2019 07:43:38 GMT" time="16.064" errors="0">
  <testcase name="addNewCustomer" time="16.064" classname="com.inetbanking.testCases.TC_AddCustomerTest_003"/>
</testsuite> <!-- com.inetbanking.testCases.TC_AddCustomerTest_003 -->
