<?xml version="1.0" encoding="UTF-8"?>
<!-- Generated by org.testng.reporters.JUnitReportReporter -->
<testsuite skipped="0" hostname="DESKTOP-N6TDHHK" name="com.inetbanking.testCases.TC_LoginTest_001" tests="1" failures="0" timestamp="14 May 2019 22:40:36 GMT" time="12.267" errors="0">
  <testcase name="loginTest" time="12.267" classname="com.inetbanking.testCases.TC_LoginTest_001"/>
</testsuite> <!-- com.inetbanking.testCases.TC_LoginTest_001 -->
